<?xml version="1.0" encoding="UTF-8"?>
<robot generator="Robot 4.1.2 (Python 3.9.9 on win32)" generated="20211214 13:45:22.646" rpa="false" schemaversion="2">
<suite id="s1" name="AmazonUIScenario1" source="D:\Jayashree\MyDemo\Scenario1Assessment\AmazonUIScenario1.robot">
<test id="s1-t1" name="Open Amazon.in web application">
<kw name="Open chrome browser">
<arg>${url}</arg>
<arg>${browser}</arg>
<kw name="Open Browser" library="SeleniumLibrary">
<arg>${url}</arg>
<arg>${browser}</arg>
<doc>Opens a new browser instance to the optional ``url``.</doc>
<msg timestamp="20211214 13:45:22.833" level="INFO">Opening browser 'chrome' to base url 'https://www.amazon.in/'.</msg>
<status status="PASS" starttime="20211214 13:45:22.833" endtime="20211214 13:45:26.948"/>
</kw>
<kw name="Maximize Browser Window" library="SeleniumLibrary">
<doc>Maximizes current browser window.</doc>
<status status="PASS" starttime="20211214 13:45:26.948" endtime="20211214 13:45:27.154"/>
</kw>
<status status="PASS" starttime="20211214 13:45:22.833" endtime="20211214 13:45:27.154"/>
</kw>
<status status="PASS" starttime="20211214 13:45:22.833" endtime="20211214 13:45:27.156"/>
</test>
<test id="s1-t2" name="Click on All drop down and select Electronics from drop down">
<kw name="Select From List By Label" library="SeleniumLibrary">
<arg>url</arg>
<arg>Electronics</arg>
<doc>Selects options from selection list ``locator`` by ``labels``.</doc>
<msg timestamp="20211214 13:45:27.166" level="INFO">Selecting options from selection list 'url' by label Electronics.</msg>
<status status="PASS" starttime="20211214 13:45:27.164" endtime="20211214 13:45:27.413"/>
</kw>
<status status="PASS" starttime="20211214 13:45:27.161" endtime="20211214 13:45:27.414"/>
</test>
<test id="s1-t3" name="Search for one plus Mobile">
<kw name="Set Variable" library="BuiltIn">
<var>${searchtxtbox}</var>
<arg>id:twotabsearchtextbox</arg>
<doc>Returns the given values which can then be assigned to a variables.</doc>
<msg timestamp="20211214 13:45:27.417" level="INFO">${searchtxtbox} = id:twotabsearchtextbox</msg>
<status status="PASS" starttime="20211214 13:45:27.417" endtime="20211214 13:45:27.417"/>
</kw>
<kw name="Set Variable" library="BuiltIn">
<var>${submitsearch}</var>
<arg>id:nav-search-submit-button</arg>
<doc>Returns the given values which can then be assigned to a variables.</doc>
<msg timestamp="20211214 13:45:27.418" level="INFO">${submitsearch} = id:nav-search-submit-button</msg>
<status status="PASS" starttime="20211214 13:45:27.418" endtime="20211214 13:45:27.418"/>
</kw>
<kw name="Element Should Be Visible" library="SeleniumLibrary">
<arg>${searchtxtbox}</arg>
<doc>Verifies that the element identified by ``locator`` is visible.</doc>
<msg timestamp="20211214 13:45:27.454" level="INFO">Element 'id:twotabsearchtextbox' is displayed.</msg>
<status status="PASS" starttime="20211214 13:45:27.418" endtime="20211214 13:45:27.454"/>
</kw>
<kw name="Element Should Be Enabled" library="SeleniumLibrary">
<arg>${searchtxtbox}</arg>
<doc>Verifies that element identified by ``locator`` is enabled.</doc>
<status status="PASS" starttime="20211214 13:45:27.454" endtime="20211214 13:45:27.492"/>
</kw>
<kw name="Input Text" library="SeleniumLibrary">
<arg>${searchtxtbox}</arg>
<arg>OnePlus Mobiles</arg>
<doc>Types the given ``text`` into the text field identified by ``locator``.</doc>
<msg timestamp="20211214 13:45:27.494" level="INFO">Typing text 'OnePlus Mobiles' into text field 'id:twotabsearchtextbox'.</msg>
<status status="PASS" starttime="20211214 13:45:27.493" endtime="20211214 13:45:27.599"/>
</kw>
<kw name="Sleep" library="BuiltIn">
<arg>2</arg>
<doc>Pauses the test executed for the given time.</doc>
<msg timestamp="20211214 13:45:29.602" level="INFO">Slept 2 seconds</msg>
<status status="PASS" starttime="20211214 13:45:27.600" endtime="20211214 13:45:29.602"/>
</kw>
<kw name="Click Element" library="SeleniumLibrary">
<arg>${submitsearch}</arg>
<doc>Click the element identified by ``locator``.</doc>
<msg timestamp="20211214 13:45:29.603" level="INFO">Clicking element 'id:nav-search-submit-button'.</msg>
<status status="PASS" starttime="20211214 13:45:29.602" endtime="20211214 13:45:31.279"/>
</kw>
<kw name="Sleep" library="BuiltIn">
<arg>2</arg>
<doc>Pauses the test executed for the given time.</doc>
<msg timestamp="20211214 13:45:33.281" level="INFO">Slept 2 seconds</msg>
<status status="PASS" starttime="20211214 13:45:31.280" endtime="20211214 13:45:33.281"/>
</kw>
<status status="PASS" starttime="20211214 13:45:27.416" endtime="20211214 13:45:33.284"/>
</test>
<test id="s1-t4" name="Select the brand as OnePlus checkbox">
<kw name="Set Variable" library="BuiltIn">
<var>${brand}</var>
<arg>xpath://*[@id="p_89/OnePlus"]/span/a</arg>
<doc>Returns the given values which can then be assigned to a variables.</doc>
<msg timestamp="20211214 13:45:33.292" level="INFO">${brand} = xpath://*[@id="p_89/OnePlus"]/span/a</msg>
<status status="PASS" starttime="20211214 13:45:33.290" endtime="20211214 13:45:33.292"/>
</kw>
<kw name="Click Element" library="SeleniumLibrary">
<arg>${brand}</arg>
<doc>Click the element identified by ``locator``.</doc>
<msg timestamp="20211214 13:45:33.294" level="INFO">Clicking element 'xpath://*[@id="p_89/OnePlus"]/span/a'.</msg>
<status status="PASS" starttime="20211214 13:45:33.293" endtime="20211214 13:45:35.194"/>
</kw>
<kw name="Sleep" library="BuiltIn">
<arg>2</arg>
<doc>Pauses the test executed for the given time.</doc>
<msg timestamp="20211214 13:45:37.196" level="INFO">Slept 2 seconds</msg>
<status status="PASS" starttime="20211214 13:45:35.195" endtime="20211214 13:45:37.196"/>
</kw>
<status status="PASS" starttime="20211214 13:45:33.288" endtime="20211214 13:45:37.199"/>
</test>
<test id="s1-t5" name="Select one mobile and Fetch the Price of the Mobile">
<kw name="Get Element Attribute" library="SeleniumLibrary">
<var>${pickTopElementOfResult}</var>
<arg>xpath://*[@class="a-size-mini a-spacing-none a-color-base s-line-clamp-2"]/a</arg>
<arg>href</arg>
<doc>Returns the value of ``attribute`` from the element ``locator``.</doc>
<msg timestamp="20211214 13:45:37.290" level="INFO">${pickTopElementOfResult} = https://www.amazon.in/OnePlus-Nord-Blue-128GB-Storage/dp/B097RD2JX8/ref=sr_1_1?keywords=OnePlus+Mobiles&amp;qid=1639475133&amp;refinements=p_89%3AOnePlus&amp;rnid=3837712031&amp;s=electronics&amp;sr=1-1</msg>
<status status="PASS" starttime="20211214 13:45:37.205" endtime="20211214 13:45:37.290"/>
</kw>
<kw name="Log To Console" library="BuiltIn">
<arg>${pickTopElementOfResult}</arg>
<doc>Logs the given message to the console.</doc>
<status status="PASS" starttime="20211214 13:45:37.291" endtime="20211214 13:45:37.292"/>
</kw>
<kw name="Go To" library="SeleniumLibrary">
<arg>${pickTopElementOfResult}</arg>
<doc>Navigates the current browser window to the provided ``url``.</doc>
<msg timestamp="20211214 13:45:37.293" level="INFO">Opening url 'https://www.amazon.in/OnePlus-Nord-Blue-128GB-Storage/dp/B097RD2JX8/ref=sr_1_1?keywords=OnePlus+Mobiles&amp;qid=1639475133&amp;refinements=p_89%3AOnePlus&amp;rnid=3837712031&amp;s=electronics&amp;sr=1-1'</msg>
<status status="PASS" starttime="20211214 13:45:37.293" endtime="20211214 13:45:46.780"/>
</kw>
<kw name="Sleep" library="BuiltIn">
<arg>4</arg>
<doc>Pauses the test executed for the given time.</doc>
<msg timestamp="20211214 13:45:50.792" level="INFO">Slept 4 seconds</msg>
<status status="PASS" starttime="20211214 13:45:46.781" endtime="20211214 13:45:50.792"/>
</kw>
<kw name="Get Text" library="SeleniumLibrary">
<var>${price}</var>
<arg>xpath://*[@class="a-offscreen"]</arg>
<doc>Returns the text value of the element identified by ``locator``.</doc>
<msg timestamp="20211214 13:45:50.891" level="INFO">${price} = </msg>
<status status="PASS" starttime="20211214 13:45:50.792" endtime="20211214 13:45:50.891"/>
</kw>
<kw name="Log To Console" library="BuiltIn">
<arg>${price}</arg>
<doc>Logs the given message to the console.</doc>
<status status="PASS" starttime="20211214 13:45:50.891" endtime="20211214 13:45:50.891"/>
</kw>
<status status="PASS" starttime="20211214 13:45:37.203" endtime="20211214 13:45:50.891"/>
</test>
<test id="s1-t6" name="Add the mobile to CART">
<kw name="Set Variable" library="BuiltIn">
<var>${addCart}</var>
<arg>xpath://*[@id="add-to-cart-button"]</arg>
<doc>Returns the given values which can then be assigned to a variables.</doc>
<msg timestamp="20211214 13:45:50.896" level="INFO">${addCart} = xpath://*[@id="add-to-cart-button"]</msg>
<status status="PASS" starttime="20211214 13:45:50.896" endtime="20211214 13:45:50.896"/>
</kw>
<kw name="Click Element" library="SeleniumLibrary">
<arg>${addCart}</arg>
<doc>Click the element identified by ``locator``.</doc>
<msg timestamp="20211214 13:45:50.896" level="INFO">Clicking element 'xpath://*[@id="add-to-cart-button"]'.</msg>
<status status="PASS" starttime="20211214 13:45:50.896" endtime="20211214 13:45:51.087"/>
</kw>
<kw name="Wait Until Page Contains Element" library="SeleniumLibrary">
<arg>xpath://*[@id="attach-sidesheet-view-cart-button"]/span/input</arg>
<doc>Waits until the element ``locator`` appears on the current page.</doc>
<status status="PASS" starttime="20211214 13:45:51.087" endtime="20211214 13:45:52.039"/>
</kw>
<kw name="Sleep" library="BuiltIn">
<arg>2</arg>
<doc>Pauses the test executed for the given time.</doc>
<msg timestamp="20211214 13:45:54.054" level="INFO">Slept 2 seconds</msg>
<status status="PASS" starttime="20211214 13:45:52.039" endtime="20211214 13:45:54.054"/>
</kw>
<kw name="Click Element" library="SeleniumLibrary">
<arg>xpath://*[@id="attach-sidesheet-view-cart-button"]/span/input</arg>
<doc>Click the element identified by ``locator``.</doc>
<msg timestamp="20211214 13:45:54.055" level="INFO">Clicking element 'xpath://*[@id="attach-sidesheet-view-cart-button"]/span/input'.</msg>
<status status="PASS" starttime="20211214 13:45:54.054" endtime="20211214 13:45:55.317"/>
</kw>
<status status="PASS" starttime="20211214 13:45:50.891" endtime="20211214 13:45:55.319"/>
</test>
<test id="s1-t7" name="Click on Save For Later">
<kw name="Wait Until Page Contains Element" library="SeleniumLibrary">
<arg>xpath://input[@value='Save for later']</arg>
<doc>Waits until the element ``locator`` appears on the current page.</doc>
<status status="PASS" starttime="20211214 13:45:55.321" endtime="20211214 13:45:55.335"/>
</kw>
<kw name="Sleep" library="BuiltIn">
<arg>2</arg>
<doc>Pauses the test executed for the given time.</doc>
<msg timestamp="20211214 13:45:57.342" level="INFO">Slept 2 seconds</msg>
<status status="PASS" starttime="20211214 13:45:55.336" endtime="20211214 13:45:57.342"/>
</kw>
<kw name="Click Element" library="SeleniumLibrary">
<arg>xpath://input[@value='Save for later']</arg>
<doc>Click the element identified by ``locator``.</doc>
<msg timestamp="20211214 13:45:57.345" level="INFO">Clicking element 'xpath://input[@value='Save for later']'.</msg>
<status status="PASS" starttime="20211214 13:45:57.344" endtime="20211214 13:45:57.472"/>
</kw>
<status status="PASS" starttime="20211214 13:45:55.321" endtime="20211214 13:45:57.473"/>
</test>
<test id="s1-t8" name="close browser">
<kw name="Close Browser" library="SeleniumLibrary">
<doc>Closes the current browser.</doc>
<status status="PASS" starttime="20211214 13:45:57.476" endtime="20211214 13:45:59.680"/>
</kw>
<status status="PASS" starttime="20211214 13:45:57.475" endtime="20211214 13:45:59.680"/>
</test>
<status status="PASS" starttime="20211214 13:45:22.646" endtime="20211214 13:45:59.680"/>
</suite>
<statistics>
<total>
<stat pass="8" fail="0" skip="0">All Tests</stat>
</total>
<tag>
</tag>
<suite>
<stat pass="8" fail="0" skip="0" id="s1" name="AmazonUIScenario1">AmazonUIScenario1</stat>
</suite>
</statistics>
<errors>
</errors>
</robot>
